<?xml version="1.0" encoding="ISO-8859-1"?>

<configuration xmlns:xsi="http://www.w3.org/2001/XMLSchema-instance" xsi:schemaLocation="http://www.exoplatform.org/xml/ns/kernel_1_3.xsd http://www.exoplatform.org/xml/ns/kernel_1_3.xsd"
               xmlns="http://www.exoplatform.org/xml/ns/kernel_1_3.xsd">

  <component>
    <type>org.exoplatform.services.organization.cache.OrganizationCacheHandler</type>
  </component>

  <component>
    <key>org.exoplatform.services.organization.idm.PicketLinkIDMCacheService</key>
    <type>org.exoplatform.services.organization.idm.PicketLinkIDMCacheService</type>
  </component>

  <component>
    <key>org.gatein.common.transaction.JTAUserTransactionLifecycleService</key>
    <type>org.gatein.common.transaction.JTAUserTransactionLifecycleServiceImpl</type>
  </component>

  <component>
    <key>org.infinispan.transaction.lookup.TransactionManagerLookup</key>
    <type>org.exoplatform.services.transaction.infinispan.JBossStandaloneJTAManagerLookup</type>
  </component>

  <component>
    <key>org.exoplatform.services.transaction.TransactionService</key>
    <type>org.exoplatform.services.transaction.infinispan.JBossTransactionsService</type>
    <init-params>
      <value-param>
        <name>timeout</name>
        <value>300</value>
      </value-param>
    </init-params>
  </component>

  <component>
    <key>org.exoplatform.services.organization.idm.PicketLinkIDMService</key>
    <type>org.exoplatform.services.organization.idm.PicketLinkIDMServiceImpl</type>
    <init-params>
      <value-param>
        <name>config</name>
        <value>jar:/conf/exo.portal.component.identity-picketlink-idm-config.xml</value>
      </value-param>
    </init-params>
  </component>

  <component>
    <key>org.exoplatform.services.organization.OrganizationService</key>
    <type>org.exoplatform.services.organization.idm.PicketLinkIDMOrganizationServiceImpl</type>
    <init-params>
      <object-param>
        <name>configuration</name>
        <object type="org.exoplatform.services.organization.idm.Config">
          <field name="useParentIdAsGroupType">
            <boolean>true</boolean>
          </field>
        </object>
      </object-param>
    </init-params>
  </component>

  <component>
    <key>org.exoplatform.services.cache.CacheService</key>
    <jmx-name>cache:type=CacheService</jmx-name>
    <type>org.exoplatform.services.cache.impl.CacheServiceImpl</type>
    <init-params>
      <object-param>
        <name>cache.config.default</name>
        <description>The default cache configuration</description>
        <object type="org.exoplatform.services.cache.ExoCacheConfig">
          <field name="name">
            <string>default</string>
          </field>
          <field name="maxSize">
            <int>300</int>
          </field>
          <field name="liveTime">
            <long>60</long>
          </field>
          <field name="distributed">
            <boolean>false</boolean>
          </field>
          <field name="implementation">
            <string>org.exoplatform.services.cache.concurrent.ConcurrentFIFOExoCache</string>
          </field>
        </object>
      </object-param>
    </init-params>
  </component>

  <component>
    <key>org.exoplatform.services.database.HibernateService</key>
    <jmx-name>database:type=HibernateService</jmx-name>
    <type>org.exoplatform.services.database.impl.HibernateServiceImpl</type>
    <init-params>
      <properties-param>
        <name>hibernate.properties</name>
        <description>Default Hibernate Service</description>
        <property name="hibernate.hbm2ddl.auto" value="create-drop"/>
        <property name="hibernate.show_sql" value="false"/>
        <property name="hibernate.current_session_context_class" value="thread"/>
        <property name="hibernate.cache.use_second_level_cache" value="false"/>
        <property name="hibernate.cache.use_query_cache" value="false"/>
        <property name="hibernate.connection.datasource" value="jdbcidm"/>
        <property name="hibernate.c3p0.min_size" value="5"/>
        <property name="hibernate.c3p0.max_size" value="20"/>
        <property name="hibernate.c3p0.timeout" value="1800"/>
        <property name="hibernate.c3p0.max_statements" value="50"/>
      </properties-param>
    </init-params>
  </component>


  <!-- Init data -->
  <external-component-plugins>
    <target-component>org.exoplatform.services.database.HibernateService</target-component>
    <component-plugin>
      <name>add.hibernate.mapping</name>
      <set-method>addPlugin</set-method>
      <type>org.exoplatform.services.database.impl.AddHibernateMappingPlugin</type>
      <init-params>
        <values-param>
          <name>hibernate.mapping</name>
          <value>conf/mappings/HibernateRealm.hbm.xml</value>
          <value>conf/mappings/HibernateIdentityObjectCredentialBinaryValue.hbm.xml</value>
          <value>conf/mappings/HibernateIdentityObjectAttributeBinaryValue.hbm.xml</value>
          <value>conf/mappings/HibernateIdentityObject.hbm.xml</value>
          <value>conf/mappings/HibernateIdentityObjectCredential.hbm.xml</value>
          <value>conf/mappings/HibernateIdentityObjectCredentialType.hbm.xml</value>
          <value>conf/mappings/HibernateIdentityObjectAttribute.hbm.xml</value>
          <value>conf/mappings/HibernateIdentityObjectType.hbm.xml</value>
          <value>conf/mappings/HibernateIdentityObjectRelationship.hbm.xml</value>
          <value>conf/mappings/HibernateIdentityObjectRelationshipType.hbm.xml</value>
          <value>conf/mappings/HibernateIdentityObjectRelationshipName.hbm.xml</value>
        </values-param>
      </init-params>
    </component-plugin>
  </external-component-plugins>

  <external-component-plugins>
    <target-component>org.exoplatform.services.naming.InitialContextInitializer</target-component>
    <component-plugin>
      <name>bind.datasource</name>
      <set-method>addPlugin</set-method>
      <type>org.exoplatform.services.naming.BindReferencePlugin</type>
      <init-params>
        <value-param>
          <name>bind-name</name>
          <value>jdbcidm</value>
        </value-param>
        <value-param>
          <name>class-name</name>
          <value>javax.sql.DataSource</value>
        </value-param>
        <value-param>
          <name>factory</name>
          <value>org.apache.commons.dbcp.BasicDataSourceFactory</value>
        </value-param>
        <properties-param profiles="hsqldb">
          <name>ref-addresses</name>
          <description>ref-addresses</description>
          <property name="driverClassName" value="org.hsqldb.jdbcDriver"/>
          <property name="url" value="jdbc:hsqldb:file:${gatein.test.tmp.dir}/db/data/jdbcidm"/>
          <property name="username" value="sa"/>
          <property name="password" value=""/>
        </properties-param>
        <properties-param profiles="mysql">
          <name>ref-addresses</name>
          <description>ref-addresses</description>
          <property name="driverClassName" value="com.mysql.jdbc.Driver"/>
          <property name="url"
                    value="jdbc:mysql://10.37.129.4/jdbcidm?createDatabaseIfNotExist=true&amp;useUnicode=true&amp;characterEncoding=utf-8"/>
          <property name="username" value="root"/>
          <property name="password" value=""/>
        </properties-param>
        <properties-param profiles="h2">
          <name>ref-addresses</name>
          <description>ref-addresses</description>
          <property name="driverClassName" value="org.h2.Driver"/>
          <property name="url" value="jdbc:h2:file:${gatein.test.tmp.dir}/db/data/jdbcidm;DB_CLOSE_DELAY=-1"/>
          <property name="username" value="sa"/>
          <property name="password" value="sa"/>
        </properties-param>
      </init-params>
    </component-plugin>
  </external-component-plugins>


  <external-component-plugins>
    <target-component>org.exoplatform.services.organization.OrganizationService</target-component>
    <component-plugin>
      <name>init.service.listener</name>
      <set-method>addListenerPlugin</set-method>
      <type>org.exoplatform.services.organization.OrganizationDatabaseInitializer</type>
      <description>this listener populate organization data for the first launch</description>
      <init-params>
        <value-param>
          <name>checkDatabaseAlgorithm</name>
          <description>check database</description>
          <value>entry</value>
        </value-param>
        <value-param>
          <name>printInformation</name>
          <description>Print information init database</description>
          <value>false</value>
        </value-param>
        <object-param>
          <name>configuration</name>
          <description>description</description>
          <object type="org.exoplatform.services.organization.OrganizationConfig">
            <field  name="membershipType">
              <collection type="java.util.ArrayList">
                <value>
                  <object type="org.exoplatform.services.organization.OrganizationConfig$MembershipType">
                    <field  name="type"><string>manager</string></field>
                    <field  name="description"><string>manager membership type</string></field>
                  </object>
                </value>
                <value>
                  <object type="org.exoplatform.services.organization.OrganizationConfig$MembershipType">
                    <field  name="type"><string>member</string></field>
                    <field  name="description"><string>member membership type</string></field>
                  </object>
                </value>
                <value>
                  <object type="org.exoplatform.services.organization.OrganizationConfig$MembershipType">
                    <field  name="type"><string>validator</string></field>
                    <field  name="description"><string>validator membership type</string></field>
                  </object>
                </value>
                <value>
                  <object type="org.exoplatform.services.organization.OrganizationConfig$MembershipType">
                    <field  name="type"><string>*</string></field>
                    <field  name="description"><string>any membership type</string></field>
                  </object>
                </value>
              </collection>
            </field>

            <field  name="group">
              <collection type="java.util.ArrayList">
                <value>
                  <object type="org.exoplatform.services.organization.OrganizationConfig$Group">
                    <field  name="name"><string>platform</string></field>
                    <field  name="parentId"><string></string></field>
                    <field  name="description"><string>the /platform group</string></field>
                    <field  name="label"><string>Platform</string></field>
                  </object>
                </value>
                <value>
                  <object type="org.exoplatform.services.organization.OrganizationConfig$Group">
                    <field  name="name"><string>administrators</string></field>
                    <field  name="parentId"><string>/platform</string></field>
                    <field  name="description"><string>the /platform/administrators group</string></field>
                    <field  name="label"><string>Administrators</string></field>
                  </object>
                </value>
                <value>
                  <object type="org.exoplatform.services.organization.OrganizationConfig$Group">
                    <field  name="name"><string>users</string></field>
                    <field  name="parentId"><string>/platform</string></field>
                    <field  name="description"><string>the /platform/users group</string></field>
                    <field  name="label"><string>Users</string></field>
                  </object>
                </value>
                <value>
                  <object type="org.exoplatform.services.organization.OrganizationConfig$Group">
                    <field  name="name"><string>guests</string></field>
                    <field  name="parentId"><string>/platform</string></field>
                    <field  name="description"><string>the /platform/guests group</string></field>
                    <field  name="label"><string>Guests</string></field>
                  </object>
                </value>
                <value>
                  <object type="org.exoplatform.services.organization.OrganizationConfig$Group">
                    <field  name="name"><string>organization</string></field>
                    <field  name="parentId"><string></string></field>
                    <field  name="description"><string>the organization group</string></field>
                    <field  name="label"><string>Organization</string></field>
                  </object>
                </value>
                <value>
                  <object type="org.exoplatform.services.organization.OrganizationConfig$Group">
                    <field  name="name"><string>management</string></field>
                    <field  name="parentId"><string>/organization</string></field>
                    <field  name="description"><string>the /organization/management group</string></field>
                    <field  name="label"><string>Management</string></field>
                  </object>
                </value>
                <value>
                  <object type="org.exoplatform.services.organization.OrganizationConfig$Group">
                    <field  name="name"><string>executive-board</string></field>
                    <field  name="parentId"><string>/organization/management</string></field>
                    <field  name="description"><string>the /organization/management/executive-board group</string></field>
                    <field  name="label"><string>Executive Board</string></field>
                  </object>
                </value>
                <value>
                  <object type="org.exoplatform.services.organization.OrganizationConfig$Group">
                    <field  name="name"><string>human-resources</string></field>
                    <field  name="parentId"><string>/organization/management</string></field>
                    <field  name="description"><string>the /organization/management/human-resource group</string></field>
                    <field  name="label"><string>Human Resources</string></field>
                  </object>
                </value>
                <value>
                  <object type="org.exoplatform.services.organization.OrganizationConfig$Group">
                    <field  name="name"><string>communication</string></field>
                    <field  name="parentId"><string>/organization</string></field>
                    <field  name="description"><string>the /organization/communication group</string></field>
                    <field  name="label"><string>Communication</string></field>
                  </object>
                </value>
                <value>
                  <object type="org.exoplatform.services.organization.OrganizationConfig$Group">
                    <field  name="name"><string>marketing</string></field>
                    <field  name="parentId"><string>/organization/communication</string></field>
                    <field  name="description"><string>the /organization/communication/marketing group</string></field>
                    <field  name="label"><string>Marketing</string></field>
                  </object>
                </value>
                <value>
                  <object type="org.exoplatform.services.organization.OrganizationConfig$Group">
                    <field  name="name"><string>press-and-media</string></field>
                    <field  name="parentId"><string>/organization/communication</string></field>
                    <field  name="description"><string>the /organization/communication/press-and-media group</string></field>
                    <field  name="label"><string>Press and Media</string></field>
                  </object>
                </value>
                <value>
                  <object type="org.exoplatform.services.organization.OrganizationConfig$Group">
                    <field  name="name"><string>operations</string></field>
                    <field  name="parentId"><string>/organization</string></field>
                    <field  name="description"><string>the /organization/operations and media group</string></field>
                    <field  name="label"><string>Operations</string></field>
                  </object>
                </value>
                <value>
                  <object type="org.exoplatform.services.organization.OrganizationConfig$Group">
                    <field  name="name"><string>sales</string></field>
                    <field  name="parentId"><string>/organization/operations</string></field>
                    <field  name="description"><string>the /organization/operations/sales group</string></field>
                    <field  name="label"><string>Sales</string></field>
                  </object>
                </value>
                <value>
                  <object type="org.exoplatform.services.organization.OrganizationConfig$Group">
                    <field  name="name"><string>finances</string></field>
                    <field  name="parentId"><string>/organization/operations</string></field>
                    <field  name="description"><string>the /organization/operations/finances group</string></field>
                    <field  name="label"><string>Finances</string></field>
                  </object>
                </value>
                <value>
                  <object type="org.exoplatform.services.organization.OrganizationConfig$Group">
                    <field  name="name"><string>customers</string></field>
                    <field  name="parentId"><string></string></field>
                    <field  name="description"><string>the /customers group</string></field>
                    <field  name="label"><string>Customers</string></field>
                  </object>
                </value>
                <value>
                  <object type="org.exoplatform.services.organization.OrganizationConfig$Group">
                    <field  name="name"><string>partners</string></field>
                    <field  name="parentId"><string></string></field>
                    <field  name="description"><string>the /partners group</string></field>
                    <field  name="label"><string>Partners</string></field>
                  </object>
                </value>
              </collection>
            </field>

            <field  name="user">
              <collection type="java.util.ArrayList">
                <value>
                  <object type="org.exoplatform.services.organization.OrganizationConfig$User">
                    <field  name="userName"><string>root</string></field>
                    <field  name="password"><string>exo</string></field>
                    <field  name="firstName"><string>Root</string></field>
                    <field  name="lastName"><string>Root</string></field>
                    <field  name="email"><string>root@localhost</string></field>
                    <field  name="groups">
                      <string>
                        manager:/platform/administrators,member:/platform/users,
                        member:/organization/management/executive-board
                      </string>
                    </field>
                  </object>
                </value>

                <value>
                  <object type="org.exoplatform.services.organization.OrganizationConfig$User">
                    <field  name="userName"><string>john</string></field>
                    <field  name="password"><string>exo</string></field>
                    <field  name="firstName"><string>John</string></field>
                    <field  name="lastName"><string>Anthony</string></field>
                    <field  name="email"><string>john@localhost</string></field>
                    <field  name="groups">
                      <string>
                        member:/platform/administrators,member:/platform/users,
                        manager:/organization/management/executive-board
                      </string>
                    </field>
                  </object>
                </value>
                <value>
                  <object type="org.exoplatform.services.organization.OrganizationConfig$User">
                    <field  name="userName"><string>marry</string></field>
                    <field  name="password"><string>exo</string></field>
                    <field  name="firstName"><string>Marry</string></field>
                    <field  name="lastName"><string>Kelly</string></field>
                    <field  name="email"><string>marry@localhost</string></field>
                    <field  name="groups">
                      <string>member:/platform/users</string>
                    </field>
                  </object>
                </value>
                <value>
                  <object type="org.exoplatform.services.organization.OrganizationConfig$User">
                    <field  name="userName"><string>demo</string></field>
                    <field  name="password"><string>exo</string></field>
                    <field  name="firstName"><string>Demo</string></field>
                    <field  name="lastName"><string>exo</string></field>
                    <field  name="email"><string>demo@localhost</string></field>
                    <field  name="groups">
                      <string>member:/platform/guests,member:/platform/users</string>
                    </field>
                  </object>
                </value>
              </collection>
            </field>
          </object>
        </object-param>
      </init-params>
    </component-plugin>
  </external-component-plugins>

  <external-component-plugins>
    <target-component>org.exoplatform.services.organization.OrganizationService</target-component>
    <component-plugin>
      <name>tester.membership.type.listener</name>
      <set-method>addListenerPlugin</set-method>
      <type>org.exoplatform.services.organization.MembershipTypeEventListener</type>
      <description>Membership type listerner for testing purpose</description>
    </component-plugin>
  </external-component-plugins>

  <!--<import>jar:/conf/exo.portal.component.test.jcr-configuration.xml</import>-->
  <!--<import>jar:/conf/exo.portal.component.identity-configuration.xml</import>-->
  <!--<import>jar:/org/exoplatform/services/organization/TestOrganization-configuration.xml</import>-->

</configuration>