<?xml version="1.0" encoding="UTF-8"?>
<databaseChangeLog xmlns="http://www.liquibase.org/xml/ns/dbchangelog"
                   xmlns:xsi="http://www.w3.org/2001/XMLSchema-instance"
                   xsi:schemaLocation="http://www.liquibase.org/xml/ns/dbchangelog
                      http://www.liquibase.org/xml/ns/dbchangelog/dbchangelog-3.4.xsd">

  <changeSet author="test" id="1.0.0-1">
    <createSequence sequenceName="TEST_ID_SEQ" startValue="1" />
    <createTable tableName="TEST">
      <column name="TEST_ID" type="BIGINT" autoIncrement="true" startWith="1">
        <constraints nullable="false" primaryKey="true" primaryKeyName="PK_TEST_ID"/>
      </column>
      <column name="TEXT" type="NVARCHAR(200)"/>
    </createTable>
  </changeSet>

</databaseChangeLog>
