<?xml version="1.0" encoding="UTF-8"?>
<jboss-identity xmlns="urn:picketlink:idm:config:v1_0_0_ga"
                xmlns:xsi="http://www.w3.org/2001/XMLSchema-instance"
                xsi:schemaLocation="urn:picketlink:idm:config:v1_0_0_ga identity-config.xsd">
   <realms>
      <realm>
         <id>realm::RedHat_DB</id>
         <repository-id-ref>RedHat Repository DB</repository-id-ref>
         <identity-type-mappings>
            <user-mapping>USER</user-mapping>
         </identity-type-mappings>
         <options>
           <option>
             <name>cache.providerClass</name>
             <value>org.picketlink.idm.impl.cache.InfinispanAPICacheProviderImpl</value>
           </option>
           <option>
             <name>cache.configFile</name>
             <value>infinispan.xml</value>
           </option>
           <option>
             <name>cache.configName</name>
             <value>xml-configured-cache</value>
           </option>
         </options>
      </realm>
     <realm>
         <id>realm::RedHat_DB-clone</id>
         <repository-id-ref>RedHat Repository DB</repository-id-ref>
         <identity-type-mappings>
            <user-mapping>USER</user-mapping>
         </identity-type-mappings>
         <options>
           <option>
             <name>cache.providerClass</name>
             <value>org.picketlink.idm.impl.cache.InfinispanAPICacheProviderImpl</value>
           </option>
           <option>
             <name>cache.configFile</name>
             <value>infinispan.xml</value>
           </option>
           <option>
             <name>cache.configName</name>
             <value>xml-configured-cache</value>
           </option>
         </options>
      </realm>
      <realm>
         <id>realm::portal_SamplePortal_DB</id>
         <repository-id-ref>Sample Portal Repository DB</repository-id-ref>
         <identity-type-mappings>
            <user-mapping>USER</user-mapping>
         </identity-type-mappings>
         <options>
           <option>
             <name>cache.providerClass</name>
             <value>org.picketlink.idm.impl.cache.InfinispanAPICacheProviderImpl</value>
           </option>
           <option>
             <name>cache.configFile</name>
             <value>infinispan.xml</value>
           </option>
           <option>
             <name>cache.configName</name>
             <value>xml-configured-cache</value>
           </option>
         </options>
      </realm>
     <realm>
         <id>realm::portal_SamplePortal_DB-clone</id>
         <repository-id-ref>Sample Portal Repository DB</repository-id-ref>
         <identity-type-mappings>
            <user-mapping>USER</user-mapping>
         </identity-type-mappings>
         <options>
           <option>
             <name>cache.providerClass</name>
             <value>org.picketlink.idm.impl.cache.InfinispanAPICacheProviderImpl</value>
           </option>
           <option>
             <name>cache.configFile</name>
             <value>infinispan.xml</value>
           </option>
           <option>
             <name>cache.configName</name>
             <value>xml-configured-cache</value>
           </option>
         </options>
      </realm>
      <realm>
         <id>realm::RedHat_DB_LDAP</id>
         <repository-id-ref>RedHat Repository DB+LDAP</repository-id-ref>
         <identity-type-mappings>
            <user-mapping>USER</user-mapping>
         </identity-type-mappings>
         <options>
           <option>
             <name>cache.providerClass</name>
             <value>org.picketlink.idm.impl.cache.InfinispanAPICacheProviderImpl</value>
           </option>
           <option>
             <name>cache.configFile</name>
             <value>infinispan.xml</value>
           </option>
           <option>
             <name>cache.configName</name>
             <value>xml-configured-cache</value>
           </option>
         </options>
      </realm>
      <realm>
         <id>realm::portal_SamplePortal_DB_LDAP</id>
         <repository-id-ref>Sample Portal Repository DB+LDAP</repository-id-ref>
         <identity-type-mappings>
            <user-mapping>USER</user-mapping>
         </identity-type-mappings>
         <options>
           <option>
             <name>cache.providerClass</name>
             <value>org.picketlink.idm.impl.cache.InfinispanAPICacheProviderImpl</value>
           </option>
           <option>
             <name>cache.configFile</name>
             <value>infinispan.xml</value>
           </option>
           <option>
             <name>cache.configName</name>
             <value>xml-configured-cache</value>
           </option>
         </options>
      </realm>
   </realms>
   <repositories>
      <repository>
         <id>RedHat Repository DB</id>
         <class>org.picketlink.idm.impl.repository.WrapperIdentityStoreRepository</class>
         <external-config/>
         <default-identity-store-id>Hibernate Identity Store</default-identity-store-id>
         <default-attribute-store-id>Hibernate Identity Store</default-attribute-store-id>
         <options>
            <option>
               <name>allowNotDefinedAttributes</name>
               <value>true</value>
            </option>
         </options>
      </repository>
      <repository>
         <id>Sample Portal Repository DB</id>
         <class>org.picketlink.idm.impl.repository.WrapperIdentityStoreRepository</class>
         <external-config/>
         <default-identity-store-id>Hibernate Identity Store</default-identity-store-id>
         <default-attribute-store-id>Hibernate Identity Store</default-attribute-store-id>
         <options>
            <option>
               <name>allowNotDefinedAttributes</name>
               <value>true</value>
            </option>
         </options>
      </repository>
      <repository>
         <id>RedHat Repository DB+LDAP</id>
         <class>org.gatein.portal.idm.impl.repository.ExoFallbackIdentityStoreRepository</class>
         <external-config/>
         <default-identity-store-id>Hibernate Identity Store</default-identity-store-id>
         <default-attribute-store-id>Hibernate Identity Store</default-attribute-store-id>
         <identity-store-mappings>
            <identity-store-mapping>
               <identity-store-id>Hibernate Identity Store</identity-store-id>
               <identity-object-types>
                  <identity-object-type>DIVISION</identity-object-type>
                  <identity-object-type>PROJECT</identity-object-type>
                  <identity-object-type>PEOPLE</identity-object-type>
               </identity-object-types>
               <options/>
            </identity-store-mapping>
            <identity-store-mapping>
               <identity-store-id>LDAP Identity Store</identity-store-id>
               <identity-object-types>
                  <identity-object-type>USER</identity-object-type>
                  <identity-object-type>ORGANIZATION</identity-object-type>
                  <identity-object-type>ORGANIZATION_UNIT</identity-object-type>
                  <identity-object-type>DEPARTMENT</identity-object-type>
               </identity-object-types>
               <options>
               </options>
            </identity-store-mapping>
         </identity-store-mappings>
         <options>
            <option>
               <name>allowNotDefinedAttributes</name>
               <value>true</value>
            </option>
         </options>
      </repository>
      <repository>
         <id>Sample Portal Repository DB+LDAP</id>
         <class>org.gatein.portal.idm.impl.repository.ExoFallbackIdentityStoreRepository</class>
         <external-config/>
         <default-identity-store-id>Hibernate Identity Store</default-identity-store-id>
         <default-attribute-store-id>Hibernate Identity Store</default-attribute-store-id>
         <identity-store-mappings>
            <identity-store-mapping>
               <identity-store-id>Hibernate Identity Store</identity-store-id>
               <identity-object-types>
                  <identity-object-type>SYSTEM</identity-object-type>
                  <identity-object-type>ADMINISTRATION</identity-object-type>
                  <identity-object-type>COMMUNITY</identity-object-type>
                  <identity-object-type>DIVISION</identity-object-type>
                  <identity-object-type>SECURITY</identity-object-type>
                  <identity-object-type>PEOPLE</identity-object-type>
               </identity-object-types>
               <options/>
            </identity-store-mapping>
            <identity-store-mapping>
               <identity-store-id>LDAP Identity Store</identity-store-id>
               <identity-object-types>
                  <identity-object-type>USER</identity-object-type>
                  <identity-object-type>DEPARTMENT</identity-object-type>
                  <identity-object-type>ORGANIZATION</identity-object-type>
                  <identity-object-type>ORGANIZATION_UNIT</identity-object-type>
                  <identity-object-type>OFFICE</identity-object-type>
               </identity-object-types>
                <options>
                    <option>
                        <name>readOnly</name>
                        <value>true</value>
                    </option>
                    <option>
                        <name>mandatoryStoredObjects</name>
                        <value>USER,</value>
                    </option>
                </options>
            </identity-store-mapping>
         </identity-store-mappings>
         <options>
            <option>
               <name>allowNotDefinedAttributes</name>
               <value>true</value>
            </option>
         </options>
      </repository>
   </repositories>
   <stores>
      <attribute-stores/>
      <identity-stores>
         <identity-store>
            <id>Hibernate Identity Store</id>
            <class>org.gatein.portal.idm.impl.store.hibernate.ExoHibernateIdentityStoreImpl</class>
            <external-config/>
            <supported-relationship-types>
               <relationship-type>JBOSS_IDENTITY_MEMBERSHIP</relationship-type>
               <relationship-type>JBOSS_IDENTITY_ROLE</relationship-type>
            </supported-relationship-types>
            <supported-identity-object-types>
               <identity-object-type>
                  <name>USER</name>
                  <relationships/>
                  <credentials>
                     <credential-type>PASSWORD</credential-type>
                     <credential-type>BINARY</credential-type>
                  </credentials>
                  <attributes>
                     <attribute>
                        <name>picture</name>
                        <mapping>user.picture</mapping>
                        <type>binary</type>
                        <isRequired>false</isRequired>
                        <isMultivalued>false</isMultivalued>
                        <isReadOnly>false</isReadOnly>
                     </attribute>
                     <attribute>
                        <name>email</name>
                        <mapping>mail</mapping>
                        <type>text</type>
                        <isRequired>false</isRequired>
                        <isMultivalued>false</isMultivalued>
                        <isReadOnly>false</isReadOnly>
                        <isUnique>true</isUnique>
                     </attribute>
                     <attribute>
                        <name>description</name>
                        <mapping>description</mapping>
                        <type>text</type>
                        <isRequired>false</isRequired>
                        <isMultivalued>false</isMultivalued>
                        <isReadOnly>true</isReadOnly>
                     </attribute>
                  </attributes>
                  <options/>
               </identity-object-type>
               <identity-object-type>
                  <name>ORGANIZATION</name>
                  <relationships>
                     <relationship>
                        <relationship-type-ref>JBOSS_IDENTITY_ROLE</relationship-type-ref>
                        <identity-object-type-ref>USER</identity-object-type-ref>
                     </relationship>
                     <relationship>
                        <relationship-type-ref>JBOSS_IDENTITY_MEMBERSHIP</relationship-type-ref>
                        <identity-object-type-ref>USER</identity-object-type-ref>
                     </relationship>
                     <relationship>
                        <relationship-type-ref>JBOSS_IDENTITY_MEMBERSHIP</relationship-type-ref>
                        <identity-object-type-ref>ORGANIZATION_UNIT</identity-object-type-ref>
                     </relationship>
                     <relationship>
                        <relationship-type-ref>JBOSS_IDENTITY_MEMBERSHIP</relationship-type-ref>
                        <identity-object-type-ref>ORGANIZATION</identity-object-type-ref>
                     </relationship>
                     <relationship>
                        <relationship-type-ref>JBOSS_IDENTITY_MEMBERSHIP</relationship-type-ref>
                        <identity-object-type-ref>DIVISION</identity-object-type-ref>
                     </relationship>
                  </relationships>
                  <credentials/>
                  <attributes/>
                  <options/>
               </identity-object-type>
               <identity-object-type>
                  <name>ORGANIZATION_UNIT</name>
                  <relationships>
                     <relationship>
                        <relationship-type-ref>JBOSS_IDENTITY_ROLE</relationship-type-ref>
                        <identity-object-type-ref>USER</identity-object-type-ref>
                     </relationship>
                     <relationship>
                        <relationship-type-ref>JBOSS_IDENTITY_MEMBERSHIP</relationship-type-ref>
                        <identity-object-type-ref>USER</identity-object-type-ref>
                     </relationship>
                     <relationship>
                        <relationship-type-ref>JBOSS_IDENTITY_MEMBERSHIP</relationship-type-ref>
                        <identity-object-type-ref>ORGANIZATION_UNIT</identity-object-type-ref>
                     </relationship>
                     <relationship>
                        <relationship-type-ref>JBOSS_IDENTITY_MEMBERSHIP</relationship-type-ref>
                        <identity-object-type-ref>DIVISION</identity-object-type-ref>
                     </relationship>
                     <relationship>
                        <relationship-type-ref>JBOSS_IDENTITY_MEMBERSHIP</relationship-type-ref>
                        <identity-object-type-ref>DEPARTMENT</identity-object-type-ref>
                     </relationship>
                     <relationship>
                        <relationship-type-ref>JBOSS_IDENTITY_MEMBERSHIP</relationship-type-ref>
                        <identity-object-type-ref>OFFICE</identity-object-type-ref>
                     </relationship>
                     <relationship>
                        <relationship-type-ref>JBOSS_IDENTITY_MEMBERSHIP</relationship-type-ref>
                        <identity-object-type-ref>PEOPLE</identity-object-type-ref>
                     </relationship>
                     <relationship>
                        <relationship-type-ref>JBOSS_IDENTITY_MEMBERSHIP</relationship-type-ref>
                        <identity-object-type-ref>PROJECT</identity-object-type-ref>
                     </relationship>
                  </relationships>
                  <credentials/>
                  <attributes/>
                  <options/>
               </identity-object-type>
               <identity-object-type>
                  <name>DIVISION</name>
                  <relationships>
                     <relationship>
                        <relationship-type-ref>JBOSS_IDENTITY_ROLE</relationship-type-ref>
                        <identity-object-type-ref>USER</identity-object-type-ref>
                     </relationship>
                     <relationship>
                        <relationship-type-ref>JBOSS_IDENTITY_MEMBERSHIP</relationship-type-ref>
                        <identity-object-type-ref>USER</identity-object-type-ref>
                     </relationship>
                     <relationship>
                        <relationship-type-ref>JBOSS_IDENTITY_MEMBERSHIP</relationship-type-ref>
                        <identity-object-type-ref>ORGANIZATION_UNIT</identity-object-type-ref>
                     </relationship>
                     <relationship>
                        <relationship-type-ref>JBOSS_IDENTITY_MEMBERSHIP</relationship-type-ref>
                        <identity-object-type-ref>DEPARTMENT</identity-object-type-ref>
                     </relationship>
                  </relationships>
                  <credentials/>
                  <attributes/>
                  <options/>
               </identity-object-type>
               <identity-object-type>
                  <name>DEPARTMENT</name>
                  <relationships>
                     <relationship>
                        <relationship-type-ref>JBOSS_IDENTITY_ROLE</relationship-type-ref>
                        <identity-object-type-ref>USER</identity-object-type-ref>
                     </relationship>
                     <relationship>
                        <relationship-type-ref>JBOSS_IDENTITY_MEMBERSHIP</relationship-type-ref>
                        <identity-object-type-ref>USER</identity-object-type-ref>
                     </relationship>
                     <relationship>
                        <relationship-type-ref>JBOSS_IDENTITY_MEMBERSHIP</relationship-type-ref>
                        <identity-object-type-ref>DEPARTMENT</identity-object-type-ref>
                     </relationship>
                     <relationship>
                        <relationship-type-ref>JBOSS_IDENTITY_MEMBERSHIP</relationship-type-ref>
                        <identity-object-type-ref>ORGANIZATION_UNIT</identity-object-type-ref>
                     </relationship>
                  </relationships>
                  <credentials/>
                  <attributes/>
                  <options/>
               </identity-object-type>
               <identity-object-type>
                  <name>PROJECT</name>
                  <relationships>
                     <relationship>
                        <relationship-type-ref>JBOSS_IDENTITY_ROLE</relationship-type-ref>
                        <identity-object-type-ref>USER</identity-object-type-ref>
                     </relationship>
                     <relationship>
                        <relationship-type-ref>JBOSS_IDENTITY_MEMBERSHIP</relationship-type-ref>
                        <identity-object-type-ref>USER</identity-object-type-ref>
                     </relationship>
                  </relationships>
                  <credentials/>
                  <attributes/>
                  <options/>
               </identity-object-type>
               <identity-object-type>
                  <name>PEOPLE</name>
                  <relationships>
                     <relationship>
                        <relationship-type-ref>JBOSS_IDENTITY_ROLE</relationship-type-ref>
                        <identity-object-type-ref>USER</identity-object-type-ref>
                     </relationship>
                     <relationship>
                        <relationship-type-ref>JBOSS_IDENTITY_MEMBERSHIP</relationship-type-ref>
                        <identity-object-type-ref>USER</identity-object-type-ref>
                     </relationship>
                  </relationships>
                  <credentials/>
                  <attributes/>
                  <options/>
               </identity-object-type>
               <identity-object-type>
                  <name>ADMINISTRATION</name>
                  <relationships>
                     <relationship>
                        <relationship-type-ref>JBOSS_IDENTITY_ROLE</relationship-type-ref>
                        <identity-object-type-ref>USER</identity-object-type-ref>
                     </relationship>
                     <relationship>
                        <relationship-type-ref>JBOSS_IDENTITY_MEMBERSHIP</relationship-type-ref>
                        <identity-object-type-ref>USER</identity-object-type-ref>
                     </relationship>
                  </relationships>
                  <credentials/>
                  <attributes/>
                  <options/>
               </identity-object-type>
               <identity-object-type>
                  <name>COMMUNITY</name>
                  <relationships>
                     <relationship>
                        <relationship-type-ref>JBOSS_IDENTITY_ROLE</relationship-type-ref>
                        <identity-object-type-ref>USER</identity-object-type-ref>
                     </relationship>
                     <relationship>
                        <relationship-type-ref>JBOSS_IDENTITY_MEMBERSHIP</relationship-type-ref>
                        <identity-object-type-ref>USER</identity-object-type-ref>
                     </relationship>
                  </relationships>
                  <credentials/>
                  <attributes/>
                  <options/>
               </identity-object-type>
               <identity-object-type>
                  <name>OFFICE</name>
                  <relationships>
                     <relationship>
                        <relationship-type-ref>JBOSS_IDENTITY_ROLE</relationship-type-ref>
                        <identity-object-type-ref>USER</identity-object-type-ref>
                     </relationship>
                     <relationship>
                        <relationship-type-ref>JBOSS_IDENTITY_MEMBERSHIP</relationship-type-ref>
                        <identity-object-type-ref>USER</identity-object-type-ref>
                     </relationship>
                  </relationships>
                  <credentials/>
                  <attributes/>
                  <options/>
               </identity-object-type>
               <identity-object-type>
                  <name>SECURITY</name>
                  <relationships>
                     <relationship>
                        <relationship-type-ref>JBOSS_IDENTITY_ROLE</relationship-type-ref>
                        <identity-object-type-ref>USER</identity-object-type-ref>
                     </relationship>
                     <relationship>
                        <relationship-type-ref>JBOSS_IDENTITY_MEMBERSHIP</relationship-type-ref>
                        <identity-object-type-ref>USER</identity-object-type-ref>
                     </relationship>
                  </relationships>
                  <credentials/>
                  <attributes/>
                  <options/>
               </identity-object-type>
               <identity-object-type>
                  <name>SYSTEM</name>
                  <relationships>
                     <relationship>
                        <relationship-type-ref>JBOSS_IDENTITY_ROLE</relationship-type-ref>
                        <identity-object-type-ref>USER</identity-object-type-ref>
                     </relationship>
                     <relationship>
                        <relationship-type-ref>JBOSS_IDENTITY_MEMBERSHIP</relationship-type-ref>
                        <identity-object-type-ref>USER</identity-object-type-ref>
                     </relationship>
                     <relationship>
                        <relationship-type-ref>JBOSS_IDENTITY_MEMBERSHIP</relationship-type-ref>
                        <identity-object-type-ref>SECURITY</identity-object-type-ref>
                     </relationship>
                     <relationship>
                        <relationship-type-ref>JBOSS_IDENTITY_MEMBERSHIP</relationship-type-ref>
                        <identity-object-type-ref>COMMUNITY</identity-object-type-ref>
                     </relationship>
                     <relationship>
                        <relationship-type-ref>JBOSS_IDENTITY_MEMBERSHIP</relationship-type-ref>
                        <identity-object-type-ref>ORGANIZATION</identity-object-type-ref>
                     </relationship>
                  </relationships>
                  <credentials/>
                  <attributes/>
                  <options/>
               </identity-object-type>
            </supported-identity-object-types>
            <options>
               <!--<option>-->
               <!--<name>hibernateConfiguration</name>-->
               <!--<value>hibernate-jboss-identity.cfg.xml</value>-->
               <!--</option>-->
               <option>
                  <name>hibernateSessionFactoryJNDIName</name>
                  <value>java:/jbossidentity/HibernateStoreSessionFactory</value>
               </option>
               <option>
                  <name>populateRelationshipTypes</name>
                  <value>true</value>
               </option>
               <option>
                  <name>populateIdentityObjectTypes</name>
                  <value>true</value>
               </option>
               <option>
                  <name>allowNotDefinedAttributes</name>
                  <value>true</value>
               </option>
               <option>
                  <name>isRealmAware</name>
                  <value>true</value>
               </option>
               <option>
                  <name>allowNotDefinedAttributes</name>
                  <value>true</value>
               </option>
            </options>
         </identity-store>
         <identity-store>
            <id>LDAP Identity Store</id>
            <class>org.picketlink.idm.impl.store.ldap.ExoLDAPIdentityStoreImpl</class>
            <external-config/>
            <supported-relationship-types>
               <relationship-type>JBOSS_IDENTITY_MEMBERSHIP</relationship-type>
            </supported-relationship-types>
            <supported-identity-object-types>
               <identity-object-type>
                  <name>USER</name>
                  <relationships/>
                  <credentials>
                     <credential-type>PASSWORD</credential-type>
                  </credentials>
                  <attributes>
                     <attribute>
                        <name>phone</name>
                        <mapping>telephoneNumber</mapping>
                        <type>text</type>
                        <isRequired>false</isRequired>
                        <isMultivalued>false</isMultivalued>
                        <isReadOnly>false</isReadOnly>
                     </attribute>
                     <attribute>
                        <name>description</name>
                        <mapping>description</mapping>
                        <type>text</type>
                        <isRequired>false</isRequired>
                        <isMultivalued>false</isMultivalued>
                        <isReadOnly>true</isReadOnly>
                     </attribute>
                     <attribute>
                        <name>carLicense</name>
                        <mapping>carLicense</mapping>
                        <type>text</type>
                        <isRequired>false</isRequired>
                        <isMultivalued>false</isMultivalued>
                        <isReadOnly>false</isReadOnly>
                     </attribute>
                     <attribute>
                        <name>email</name>
                        <mapping>mail</mapping>
                        <type>text</type>
                        <isRequired>false</isRequired>
                        <isMultivalued>false</isMultivalued>
                        <isReadOnly>false</isReadOnly>
                        <isUnique>true</isUnique>
                     </attribute>
                  </attributes>
                  <options>
                     <option>
                        <name>idAttributeName</name>
                        <value>uid</value>
                     </option>
                     <option>
                        <name>passwordAttributeName</name>
                        <value>userPassword</value>
                     </option>
                     <option>
                        <name>ctxDNs</name>
                        <value>ou=People,o=test,o=trunk,o=idm,o=jbid,dc=example,dc=com</value>
                     </option>
                     <option>
                        <name>allowCreateEntry</name>
                        <value>true</value>
                     </option>
                     <option>
                        <name>createEntryAttributeValues</name>
                        <value>objectClass=top</value>
                        <value>objectClass=inetOrgPerson</value>
                        <value>sn= </value>
                        <value>cn= </value>
                     </option>
                  </options>
               </identity-object-type>
               <identity-object-type>
                  <name>ORGANIZATION</name>
                  <relationships>
                     <relationship>
                        <relationship-type-ref>JBOSS_IDENTITY_MEMBERSHIP</relationship-type-ref>
                        <identity-object-type-ref>USER</identity-object-type-ref>
                     </relationship>
                     <relationship>
                        <relationship-type-ref>JBOSS_IDENTITY_MEMBERSHIP</relationship-type-ref>
                        <identity-object-type-ref>ORGANIZATION_UNIT</identity-object-type-ref>
                     </relationship>
                     <relationship>
                        <relationship-type-ref>JBOSS_IDENTITY_MEMBERSHIP</relationship-type-ref>
                        <identity-object-type-ref>ORGANIZATION</identity-object-type-ref>
                     </relationship>
                     <relationship>
                        <relationship-type-ref>JBOSS_IDENTITY_MEMBERSHIP</relationship-type-ref>
                        <identity-object-type-ref>DEPARTMENT</identity-object-type-ref>
                     </relationship>
                     <relationship>
                        <relationship-type-ref>JBOSS_IDENTITY_MEMBERSHIP</relationship-type-ref>
                        <identity-object-type-ref>OFFICE</identity-object-type-ref>
                     </relationship>
                  </relationships>
                  <credentials/>
                  <attributes/>
                  <options>
                     <option>
                        <name>idAttributeName</name>
                        <value>cn</value>
                     </option>
                     <option>
                        <name>ctxDNs</name>
                        <value>ou=Organizations,o=test,o=trunk,o=idm,o=jbid,dc=example,dc=com</value>
                     </option>
                     <!--<option>-->
                     <!--<name>entrySearchFilter</name>-->
                     <!--<value></value>-->
                     <!--</option>-->
                     <option>
                        <name>allowCreateEntry</name>
                        <value>true</value>
                     </option>
                     <option>
                        <name>parentMembershipAttributeName</name>
                        <value>member</value>
                     </option>
                     <option>
                        <name>isParentMembershipAttributeDN</name>
                        <value>true</value>
                     </option>
                     <option>
                        <name>allowEmptyMemberships</name>
                        <value>true</value>
                     </option>
                     <option>
                        <name>createEntryAttributeValues</name>
                        <value>objectClass=top</value>
                        <value>objectClass=groupOfNames</value>
                     </option>
                  </options>
               </identity-object-type>
               <identity-object-type>
                  <name>ORGANIZATION_UNIT</name>
                  <relationships>
                     <relationship>
                        <relationship-type-ref>JBOSS_IDENTITY_MEMBERSHIP</relationship-type-ref>
                        <identity-object-type-ref>USER</identity-object-type-ref>
                     </relationship>
                     <relationship>
                        <relationship-type-ref>JBOSS_IDENTITY_MEMBERSHIP</relationship-type-ref>
                        <identity-object-type-ref>ORGANIZATION_UNIT</identity-object-type-ref>
                     </relationship>
                     <relationship>
                        <relationship-type-ref>JBOSS_IDENTITY_MEMBERSHIP</relationship-type-ref>
                        <identity-object-type-ref>DEPARTMENT</identity-object-type-ref>
                     </relationship>
                     <relationship>
                        <relationship-type-ref>JBOSS_IDENTITY_MEMBERSHIP</relationship-type-ref>
                        <identity-object-type-ref>OFFICE</identity-object-type-ref>
                     </relationship>
                  </relationships>
                  <credentials/>
                  <attributes/>
                  <options>
                     <option>
                        <name>idAttributeName</name>
                        <value>cn</value>
                     </option>
                     <option>
                        <name>ctxDNs</name>
                        <value>ou=OrganizationUnits,o=test,o=trunk,o=idm,o=jbid,dc=example,dc=com</value>
                     </option>
                     <!--<option>-->
                     <!--<name>entrySearchFilter</name>-->
                     <!--<value></value>-->
                     <!--</option>-->
                     <option>
                        <name>allowCreateEntry</name>
                        <value>true</value>
                     </option>
                     <option>
                        <name>parentMembershipAttributeName</name>
                        <value>member</value>
                     </option>
                     <option>
                        <name>isParentMembershipAttributeDN</name>
                        <value>true</value>
                     </option>
                     <option>
                        <name>allowEmptyMemberships</name>
                        <value>true</value>
                     </option>
                     <option>
                        <name>createEntryAttributeValues</name>
                        <value>objectClass=top</value>
                        <value>objectClass=groupOfNames</value>
                     </option>
                  </options>
               </identity-object-type>
               <identity-object-type>
                  <name>DEPARTMENT</name>
                  <relationships>
                     <relationship>
                        <relationship-type-ref>JBOSS_IDENTITY_MEMBERSHIP</relationship-type-ref>
                        <identity-object-type-ref>USER</identity-object-type-ref>
                     </relationship>
                     <relationship>
                        <relationship-type-ref>JBOSS_IDENTITY_MEMBERSHIP</relationship-type-ref>
                        <identity-object-type-ref>DEPARTMENT</identity-object-type-ref>
                     </relationship>
                     <relationship>
                        <relationship-type-ref>JBOSS_IDENTITY_MEMBERSHIP</relationship-type-ref>
                        <identity-object-type-ref>ORGANIZATION_UNIT</identity-object-type-ref>
                     </relationship>
                  </relationships>
                  <credentials/>
                  <attributes/>
                  <options>
                     <option>
                        <name>idAttributeName</name>
                        <value>cn</value>
                     </option>
                     <option>
                        <name>ctxDNs</name>
                        <value>ou=Departments,o=test,o=trunk,o=idm,o=jbid,dc=example,dc=com</value>
                     </option>
                     <!--<option>-->
                     <!--<name>entrySearchFilter</name>-->
                     <!--<value></value>-->
                     <!--</option>-->
                     <option>
                        <name>allowCreateEntry</name>
                        <value>true</value>
                     </option>
                     <option>
                        <name>parentMembershipAttributeName</name>
                        <value>member</value>
                     </option>
                     <option>
                        <name>isParentMembershipAttributeDN</name>
                        <value>true</value>
                     </option>
                     <option>
                        <name>allowEmptyMemberships</name>
                        <value>true</value>
                     </option>
                     <option>
                        <name>createEntryAttributeValues</name>
                        <value>objectClass=top</value>
                        <value>objectClass=groupOfNames</value>
                     </option>
                  </options>
               </identity-object-type>
               <identity-object-type>
                  <name>OFFICE</name>
                  <relationships>
                     <relationship>
                        <relationship-type-ref>JBOSS_IDENTITY_MEMBERSHIP</relationship-type-ref>
                        <identity-object-type-ref>USER</identity-object-type-ref>
                     </relationship>
                  </relationships>
                  <credentials/>
                  <attributes/>
                  <options>
                     <option>
                        <name>idAttributeName</name>
                        <value>cn</value>
                     </option>
                     <option>
                        <name>ctxDNs</name>
                        <value>ou=Offices,o=test,o=trunk,o=idm,o=jbid,dc=example,dc=com</value>
                     </option>
                     <!--<option>-->
                     <!--<name>entrySearchFilter</name>-->
                     <!--<value></value>-->
                     <!--</option>-->
                     <option>
                        <name>allowCreateEntry</name>
                        <value>true</value>
                     </option>
                     <option>
                        <name>parentMembershipAttributeName</name>
                        <value>member</value>
                     </option>
                     <option>
                        <name>isParentMembershipAttributeDN</name>
                        <value>true</value>
                     </option>
                     <option>
                        <name>allowEmptyMemberships</name>
                        <value>true</value>
                     </option>
                     <option>
                        <name>createEntryAttributeValues</name>
                        <value>objectClass=top</value>
                        <value>objectClass=groupOfNames</value>
                     </option>
                  </options>
               </identity-object-type>
               <identity-object-type>
                  <name>GROUP</name>
                  <relationships>
                     <relationship>
                        <relationship-type-ref>JBOSS_IDENTITY_MEMBERSHIP</relationship-type-ref>
                        <identity-object-type-ref>USER</identity-object-type-ref>
                     </relationship>
                  </relationships>
                  <credentials/>
                  <attributes/>
                  <options>
                     <option>
                        <name>idAttributeName</name>
                        <value>cn</value>
                     </option>
                     <option>
                        <name>ctxDNs</name>
                        <value>ou=Groups,o=test,o=trunk,o=idm,o=jbid,dc=example,dc=com</value>
                     </option>
                     <!--<option>-->
                     <!--<name>entrySearchFilter</name>-->
                     <!--<value></value>-->
                     <!--</option>-->
                     <option>
                        <name>allowCreateEntry</name>
                        <value>true</value>
                     </option>
                     <option>
                        <name>parentMembershipAttributeName</name>
                        <value>member</value>
                     </option>
                     <option>
                        <name>isParentMembershipAttributeDN</name>
                        <value>true</value>
                     </option>
                     <option>
                        <name>allowEmptyMemberships</name>
                        <value>true</value>
                     </option>
                     <option>
                        <name>createEntryAttributeValues</name>
                        <value>objectClass=top</value>
                        <value>objectClass=groupOfNames</value>
                     </option>
                  </options>
               </identity-object-type>
               <identity-object-type>
                  <name>ROLE</name>
                  <relationships>
                     <relationship>
                        <relationship-type-ref>JBOSS_IDENTITY_MEMBERSHIP</relationship-type-ref>
                        <identity-object-type-ref>USER</identity-object-type-ref>
                     </relationship>
                  </relationships>
                  <credentials/>
                  <attributes/>
                  <options>
                     <option>
                        <name>idAttributeName</name>
                        <value>cn</value>
                     </option>
                     <option>
                        <name>ctxDNs</name>
                        <value>ou=Roles,o=test,o=trunk,o=idm,o=jbid,dc=example,dc=com</value>
                     </option>
                     <!--<option>-->
                     <!--<name>entrySearchFilter</name>-->
                     <!--<value></value>-->
                     <!--</option>-->
                     <option>
                        <name>allowCreateEntry</name>
                        <value>true</value>
                     </option>
                     <option>
                        <name>parentMembershipAttributeName</name>
                        <value>member</value>
                     </option>
                     <option>
                        <name>isParentMembershipAttributeDN</name>
                        <value>true</value>
                     </option>
                     <option>
                        <name>allowEmptyMemberships</name>
                        <value>true</value>
                     </option>
                     <option>
                        <name>createEntryAttributeValues</name>
                        <value>objectClass=top</value>
                        <value>objectClass=groupOfNames</value>
                     </option>
                  </options>
               </identity-object-type>
            </supported-identity-object-types>
            <options>
               <option>
                  <name>providerURL</name>
                  <value>ldap://localhost:10389</value>
               </option>
               <option>
                  <name>adminDN</name>
                  <value>cn=Directory Manager</value>
               </option>
               <option>
                  <name>adminPassword</name>
                  <value>password</value>
               </option>
               <option>
                  <name>searchTimeLimit</name>
                  <value>10000</value>
               </option>
              <!--<option>-->
                  <!--<name>createMissingContexts</name>-->
                  <!--<value>true</value>-->
               <!--</option>-->
              <option>
                <name>cache.providerClass</name>
                <value>org.picketlink.idm.impl.cache.InfinispanIdentityStoreCacheProviderImpl</value>
              </option>
              <option>
                <name>cache.configFile</name>
                <value>infinispan.xml</value>
              </option>
              <option>
                <name>cache.configName</name>
                <value>xml-configured-cache</value>
              </option>
              <option>
                <name>pagedResultsExtensionSupported</name>
                <value>true</value>
              </option>
              <option>
                <name>pagedResultsExtensionSize</name>
                <value>1</value>
              </option>
            </options>
         </identity-store>
      </identity-stores>
   </stores>
</jboss-identity>