<?xml version="1.0" encoding="ISO-8859-1"?>
<!--
  ~ Copyright (C) 2009 eXo Platform SAS.
  ~
  ~ This is free software; you can redistribute it and/or modify it
  ~ under the terms of the GNU Lesser General Public License as
  ~ published by the Free Software Foundation; either version 2.1 of
  ~ the License, or (at your option) any later version.
  ~
  ~ This software is distributed in the hope that it will be useful,
  ~ but WITHOUT ANY WARRANTY; without even the implied warranty of
  ~ MERCHANTABILITY or FITNESS FOR A PARTICULAR PURPOSE. See the GNU
  ~ Lesser General Public License for more details.
  ~
  ~ You should have received a copy of the GNU Lesser General Public
  ~ License along with this software; if not, write to the Free
  ~ Software Foundation, Inc., 51 Franklin St, Fifth Floor, Boston, MA
  ~ 02110-1301 USA, or see the FSF site: http://www.fsf.org.
  -->

<configuration xmlns:xsi="http://www.w3.org/2001/XMLSchema-instance"
               xsi:schemaLocation="http://www.exoplatform.org/xml/ns/kernel_1_2.xsd http://www.exoplatform.org/xml/ns/kernel_1_2.xsd"
               xmlns="http://www.exoplatform.org/xml/ns/kernel_1_2.xsd">
  <component>
    <key>org.exoplatform.commons.addons.AddOnService</key>
    <type>org.exoplatform.commons.addons.AddOnServiceImpl</type>
  </component>		

  <external-component-plugins>
    <target-component>org.exoplatform.commons.addons.AddOnService</target-component>
    <component-plugin>
      <name>addPlugin</name>
      <set-method>addPlugin</set-method>
      <type>org.exoplatform.commons.addons.AddOnPluginImpl</type>
      <description>add application Config</description>
      <init-params>
        <value-param>
        	<name>priority</name>
        	<value>5</value>
        </value-param>
        <value-param>
        	<name>containerName</name>
        	<value>AddOnContainer</value>
        </value-param>
        <object-param>
          <name>helloAddOn</name>
          <description>sample helloAddOn portlet</description>
          <object type="org.exoplatform.commons.addons.PortletModel">
            <field name="contentId">
           		<string>SampleAddOn/helloAddOn</string>
           	</field>
            <field name="portletPrefs">
              <map type="java.util.HashMap">
				     <entry>
				     	<key><string>test1</string></key>
				     	<value><string>value1</string></value>
				     </entry>
				  </map>
            </field>	
           	<field name="permissions">
           	  <collection type="java.util.ArrayList">
           	    <value><string>*:/platform/administrators</string></value>
           	  </collection>
           	</field>
            <field name="title">
           		<string>testTitle</string>
           	</field>
            <field name="icon">
           		<string>testIcon</string>
           	</field>
           	<field name="description">
           		<string>testDesc</string>
           	</field>
           	<field name="width">
           		<string>10</string>
           	</field>  	
           	<field name="height">
           		<string>10</string>
           	</field>
           	<field name="showInfoBar">
           		<boolean>true</boolean>
           	</field>
           	<field name="showApplicationState">
           		<boolean>true</boolean>
           	</field>
           	<field name="showApplicationMode">
           		<boolean>true</boolean>
           	</field>
           	<field name="theme">
           		<string>simple</string>
           	</field>
	       </object>
        </object-param>
      </init-params>
    </component-plugin>
  </external-component-plugins>
</configuration>